lec19_Alarms/app/build/outputs/logs/manifest-merger-debug-report.txt
-- Merging decision tree log ---
manifest
ADDED from src\main\AndroidManifest.xml:2:1-21:12
INJECTED from src\main\AndroidManifest.xml:2:1-21:12
INJECTED from src\main\AndroidManifest.xml:2:1-21:12
INJECTED from src\main\AndroidManifest.xml:2:1-21:12
MERGED from [android.arch.work:work-runtime:1.0.0-alpha04] AndroidManifest.xml:17:1-97:12
MERGED from [com.android.support:appcompat-v7:26.1.0] AndroidManifest.xml:17:1-31:12
MERGED from [com.android.support.constraint:constraint-layout:1.1.2] AndroidManifest.xml:2:1-11:12
MERGED from [android.arch.lifecycle:extensions:1.1.0] AndroidManifest.xml:17:1-30:12
MERGED from [android.arch.persistence.room:runtime:1.1.1-rc1] AndroidManifest.xml:17:1-22:12
MERGED from [com.android.support:animated-vector-drawable:26.1.0] AndroidManifest.xml:17:1-28:12
MERGED from [com.android.support:support-vector-drawable:26.1.0] AndroidManifest.xml:17:1-28:12
MERGED from [android.arch.lifecycle:livedata:1.1.0] AndroidManifest.xml:17:1-22:12
MERGED from [android.arch.lifecycle:livedata-core:1.1.0] AndroidManifest.xml:17:1-22:12
MERGED from [com.android.support:support-v4:26.1.0] AndroidManifest.xml:17:1-31:12
MERGED from [com.android.support:support-fragment:26.1.0] AndroidManifest.xml:17:1-31:12
MERGED from [com.android.support:support-core-utils:26.1.0] AndroidManifest.xml:17:1-31:12
MERGED from [com.android.support:support-media-compat:26.1.0] AndroidManifest.xml:17:1-31:12
MERGED from [com.android.support:support-core-ui:26.1.0] AndroidManifest.xml:17:1-31:12
MERGED from [com.android.support:support-compat:26.1.0] AndroidManifest.xml:17:1-31:12
MERGED from [android.arch.lifecycle:runtime:1.1.0] AndroidManifest.xml:17:1-22:12
MERGED from [android.arch.lifecycle:viewmodel:1.1.0] AndroidManifest.xml:17:1-22:12
MERGED from [android.arch.persistence:db-framework:1.1.1-rc1] AndroidManifest.xml:17:1-22:12
MERGED from [android.arch.persistence:db:1.1.1-rc1] AndroidManifest.xml:17:1-22:12
MERGED from [android.arch.core:runtime:1.1.1] AndroidManifest.xml:17:1-22:12
INJECTED from src\main\AndroidManifest.xml:2:1-21:12
INJECTED from src\main\AndroidManifest.xml:2:1-21:12
INJECTED from src\main\AndroidManifest.xml:2:1-21:12
	package
		ADDED from src\main\AndroidManifest.xml:3:5-34
		INJECTED from src\main\AndroidManifest.xml
		INJECTED from src\main\AndroidManifest.xml
	android:versionName
		INJECTED from src\main\AndroidManifest.xml
		ADDED from src\main\AndroidManifest.xml:2:1-21:12
		INJECTED from src\main\AndroidManifest.xml
	android:versionCode
		INJECTED from src\main\AndroidManifest.xml
		ADDED from src\main\AndroidManifest.xml:2:1-21:12
		INJECTED from src\main\AndroidManifest.xml
	xmlns:android
		ADDED from src\main\AndroidManifest.xml:2:11-69
application
ADDED from src\main\AndroidManifest.xml:5:5-19:19
MERGED from [android.arch.work:work-runtime:1.0.0-alpha04] AndroidManifest.xml:26:5-95:19
MERGED from [android.arch.work:work-runtime:1.0.0-alpha04] AndroidManifest.xml:26:5-95:19
MERGED from [com.android.support:appcompat-v7:26.1.0] AndroidManifest.xml:25:5-29:19
MERGED from [com.android.support:appcompat-v7:26.1.0] AndroidManifest.xml:25:5-29:19
MERGED from [com.android.support.constraint:constraint-layout:1.1.2] AndroidManifest.xml:9:5-20
MERGED from [com.android.support.constraint:constraint-layout:1.1.2] AndroidManifest.xml:9:5-20
MERGED from [android.arch.lifecycle:extensions:1.1.0] AndroidManifest.xml:22:5-28:19
MERGED from [android.arch.lifecycle:extensions:1.1.0] AndroidManifest.xml:22:5-28:19
MERGED from [com.android.support:animated-vector-drawable:26.1.0] AndroidManifest.xml:22:5-26:19
MERGED from [com.android.support:animated-vector-drawable:26.1.0] AndroidManifest.xml:22:5-26:19
MERGED from [com.android.support:support-vector-drawable:26.1.0] AndroidManifest.xml:22:5-26:19
MERGED from [com.android.support:support-vector-drawable:26.1.0] AndroidManifest.xml:22:5-26:19
MERGED from [com.android.support:support-v4:26.1.0] AndroidManifest.xml:25:5-29:19
MERGED from [com.android.support:support-v4:26.1.0] AndroidManifest.xml:25:5-29:19
MERGED from [com.android.support:support-fragment:26.1.0] AndroidManifest.xml:25:5-29:19
MERGED from [com.android.support:support-fragment:26.1.0] AndroidManifest.xml:25:5-29:19
MERGED from [com.android.support:support-core-utils:26.1.0] AndroidManifest.xml:25:5-29:19
MERGED from [com.android.support:support-core-utils:26.1.0] AndroidManifest.xml:25:5-29:19
MERGED from [com.android.support:support-media-compat:26.1.0] AndroidManifest.xml:25:5-29:19
MERGED from [com.android.support:support-media-compat:26.1.0] AndroidManifest.xml:25:5-29:19
MERGED from [com.android.support:support-core-ui:26.1.0] AndroidManifest.xml:25:5-29:19
MERGED from [com.android.support:support-core-ui:26.1.0] AndroidManifest.xml:25:5-29:19
MERGED from [com.android.support:support-compat:26.1.0] AndroidManifest.xml:25:5-29:19
MERGED from [com.android.support:support-compat:26.1.0] AndroidManifest.xml:25:5-29:19
	android:supportsRtl
		ADDED from src\main\AndroidManifest.xml:10:9-35
	android:label
		ADDED from src\main\AndroidManifest.xml:8:9-41
	android:roundIcon
		ADDED from src\main\AndroidManifest.xml:9:9-54
	android:icon
		ADDED from src\main\AndroidManifest.xml:7:9-43
	android:allowBackup
		ADDED from src\main\AndroidManifest.xml:6:9-35
	android:theme
		ADDED from src\main\AndroidManifest.xml:11:9-40
activity#com.av.lec19_alarms.MainActivity
ADDED from src\main\AndroidManifest.xml:12:9-18:20
	android:name
		ADDED from src\main\AndroidManifest.xml:12:19-47
intent-filter#android.intent.action.MAIN+android.intent.category.LAUNCHER
ADDED from src\main\AndroidManifest.xml:13:13-17:29
action#android.intent.action.MAIN
ADDED from src\main\AndroidManifest.xml:14:17-69
	android:name
		ADDED from src\main\AndroidManifest.xml:14:25-66
category#android.intent.category.LAUNCHER
ADDED from src\main\AndroidManifest.xml:16:17-77
	android:name
		ADDED from src\main\AndroidManifest.xml:16:27-74
uses-sdk
INJECTED from src\main\AndroidManifest.xml reason: use-sdk injection requested
INJECTED from src\main\AndroidManifest.xml
INJECTED from src\main\AndroidManifest.xml
MERGED from [android.arch.work:work-runtime:1.0.0-alpha04] AndroidManifest.xml:20:5-44
MERGED from [android.arch.work:work-runtime:1.0.0-alpha04] AndroidManifest.xml:20:5-44
MERGED from [com.android.support:appcompat-v7:26.1.0] AndroidManifest.xml:21:5-23:78
MERGED from [com.android.support:appcompat-v7:26.1.0] AndroidManifest.xml:21:5-23:78
MERGED from [com.android.support.constraint:constraint-layout:1.1.2] AndroidManifest.xml:5:5-7:41
MERGED from [com.android.support.constraint:constraint-layout:1.1.2] AndroidManifest.xml:5:5-7:41
MERGED from [android.arch.lifecycle:extensions:1.1.0] AndroidManifest.xml:20:5-44
MERGED from [android.arch.lifecycle:extensions:1.1.0] AndroidManifest.xml:20:5-44
MERGED from [android.arch.persistence.room:runtime:1.1.1-rc1] AndroidManifest.xml:20:5-44
MERGED from [android.arch.persistence.room:runtime:1.1.1-rc1] AndroidManifest.xml:20:5-44
MERGED from [com.android.support:animated-vector-drawable:26.1.0] AndroidManifest.xml:20:5-44
MERGED from [com.android.support:animated-vector-drawable:26.1.0] AndroidManifest.xml:20:5-44
MERGED from [com.android.support:support-vector-drawable:26.1.0] AndroidManifest.xml:20:5-44
MERGED from [com.android.support:support-vector-drawable:26.1.0] AndroidManifest.xml:20:5-44
MERGED from [android.arch.lifecycle:livedata:1.1.0] AndroidManifest.xml:20:5-44
MERGED from [android.arch.lifecycle:livedata:1.1.0] AndroidManifest.xml:20:5-44
MERGED from [android.arch.lifecycle:livedata-core:1.1.0] AndroidManifest.xml:20:5-44
MERGED from [android.arch.lifecycle:livedata-core:1.1.0] AndroidManifest.xml:20:5-44
MERGED from [com.android.support:support-v4:26.1.0] AndroidManifest.xml:21:5-23:54
MERGED from [com.android.support:support-v4:26.1.0] AndroidManifest.xml:21:5-23:54
MERGED from [com.android.support:support-fragment:26.1.0] AndroidManifest.xml:21:5-23:60
MERGED from [com.android.support:support-fragment:26.1.0] AndroidManifest.xml:21:5-23:60
MERGED from [com.android.support:support-core-utils:26.1.0] AndroidManifest.xml:21:5-23:61
MERGED from [com.android.support:support-core-utils:26.1.0] AndroidManifest.xml:21:5-23:61
MERGED from [com.android.support:support-media-compat:26.1.0] AndroidManifest.xml:21:5-23:63
MERGED from [com.android.support:support-media-compat:26.1.0] AndroidManifest.xml:21:5-23:63
MERGED from [com.android.support:support-core-ui:26.1.0] AndroidManifest.xml:21:5-23:58
MERGED from [com.android.support:support-core-ui:26.1.0] AndroidManifest.xml:21:5-23:58
MERGED from [com.android.support:support-compat:26.1.0] AndroidManifest.xml:21:5-23:58
MERGED from [com.android.support:support-compat:26.1.0] AndroidManifest.xml:21:5-23:58
MERGED from [android.arch.lifecycle:runtime:1.1.0] AndroidManifest.xml:20:5-44
MERGED from [android.arch.lifecycle:runtime:1.1.0] AndroidManifest.xml:20:5-44
MERGED from [android.arch.lifecycle:viewmodel:1.1.0] AndroidManifest.xml:20:5-44
MERGED from [android.arch.lifecycle:viewmodel:1.1.0] AndroidManifest.xml:20:5-44
MERGED from [android.arch.persistence:db-framework:1.1.1-rc1] AndroidManifest.xml:20:5-44
MERGED from [android.arch.persistence:db-framework:1.1.1-rc1] AndroidManifest.xml:20:5-44
MERGED from [android.arch.persistence:db:1.1.1-rc1] AndroidManifest.xml:20:5-44
MERGED from [android.arch.persistence:db:1.1.1-rc1] AndroidManifest.xml:20:5-44
MERGED from [android.arch.core:runtime:1.1.1] AndroidManifest.xml:20:5-44
MERGED from [android.arch.core:runtime:1.1.1] AndroidManifest.xml:20:5-44
INJECTED from src\main\AndroidManifest.xml
INJECTED from src\main\AndroidManifest.xml
	tools:overrideLibrary
		ADDED from [com.android.support:appcompat-v7:26.1.0] AndroidManifest.xml:23:9-75
	android:targetSdkVersion
		INJECTED from src\main\AndroidManifest.xml
		ADDED from src\main\AndroidManifest.xml
		INJECTED from src\main\AndroidManifest.xml
	android:minSdkVersion
		INJECTED from src\main\AndroidManifest.xml
		ADDED from src\main\AndroidManifest.xml
		INJECTED from src\main\AndroidManifest.xml
uses-permission#android.permission.WAKE_LOCK
ADDED from [android.arch.work:work-runtime:1.0.0-alpha04] AndroidManifest.xml:22:5-68
	android:name
		ADDED from [android.arch.work:work-runtime:1.0.0-alpha04] AndroidManifest.xml:22:22-65
uses-permission#android.permission.ACCESS_NETWORK_STATE
ADDED from [android.arch.work:work-runtime:1.0.0-alpha04] AndroidManifest.xml:23:5-79
	android:name
		ADDED from [android.arch.work:work-runtime:1.0.0-alpha04] AndroidManifest.xml:23:22-76
uses-permission#android.permission.RECEIVE_BOOT_COMPLETED
ADDED from [android.arch.work:work-runtime:1.0.0-alpha04] AndroidManifest.xml:24:5-81
	android:name
		ADDED from [android.arch.work:work-runtime:1.0.0-alpha04] AndroidManifest.xml:24:22-78
provider#androidx.work.impl.WorkManagerInitializer
ADDED from [android.arch.work:work-runtime:1.0.0-alpha04] AndroidManifest.xml:27:9-31:43
	android:authorities
		ADDED from [android.arch.work:work-runtime:1.0.0-alpha04] AndroidManifest.xml:29:13-68
	android:multiprocess
		ADDED from [android.arch.work:work-runtime:1.0.0-alpha04] AndroidManifest.xml:31:13-40
	android:exported
		ADDED from [android.arch.work:work-runtime:1.0.0-alpha04] AndroidManifest.xml:30:13-37
	android:name
		ADDED from [android.arch.work:work-runtime:1.0.0-alpha04] AndroidManifest.xml:28:13-69
service#androidx.work.impl.background.systemalarm.SystemAlarmService
ADDED from [android.arch.work:work-runtime:1.0.0-alpha04] AndroidManifest.xml:33:9-36:40
	android:enabled
		ADDED from [android.arch.work:work-runtime:1.0.0-alpha04] AndroidManifest.xml:35:13-72
	android:exported
		ADDED from [android.arch.work:work-runtime:1.0.0-alpha04] AndroidManifest.xml:36:13-37
	android:name
		ADDED from [android.arch.work:work-runtime:1.0.0-alpha04] AndroidManifest.xml:34:13-88
service#androidx.work.impl.background.systemjob.SystemJobService
ADDED from [android.arch.work:work-runtime:1.0.0-alpha04] AndroidManifest.xml:37:9-41:72
	android:enabled
		ADDED from [android.arch.work:work-runtime:1.0.0-alpha04] AndroidManifest.xml:39:13-70
	android:exported
		ADDED from [android.arch.work:work-runtime:1.0.0-alpha04] AndroidManifest.xml:40:13-36
	android:permission
		ADDED from [android.arch.work:work-runtime:1.0.0-alpha04] AndroidManifest.xml:41:13-69
	android:name
		ADDED from [android.arch.work:work-runtime:1.0.0-alpha04] AndroidManifest.xml:38:13-84
receiver#androidx.work.impl.utils.ForceStopRunnable$BroadcastReceiver
ADDED from [android.arch.work:work-runtime:1.0.0-alpha04] AndroidManifest.xml:43:9-46:40
	android:enabled
		ADDED from [android.arch.work:work-runtime:1.0.0-alpha04] AndroidManifest.xml:45:13-35
	android:exported
		ADDED from [android.arch.work:work-runtime:1.0.0-alpha04] AndroidManifest.xml:46:13-37
	android:name
		ADDED from [android.arch.work:work-runtime:1.0.0-alpha04] AndroidManifest.xml:44:13-88
receiver#androidx.work.impl.background.systemalarm.ConstraintProxy$BatteryChargingProxy
ADDED from [android.arch.work:work-runtime:1.0.0-alpha04] AndroidManifest.xml:47:9-54:20
	android:enabled
		ADDED from [android.arch.work:work-runtime:1.0.0-alpha04] AndroidManifest.xml:49:13-36
	android:name
		ADDED from [android.arch.work:work-runtime:1.0.0-alpha04] AndroidManifest.xml:48:13-106
intent-filter#android.intent.action.ACTION_POWER_CONNECTED+android.intent.action.ACTION_POWER_DISCONNECTED
ADDED from [android.arch.work:work-runtime:1.0.0-alpha04] AndroidManifest.xml:50:13-53:29
action#android.intent.action.ACTION_POWER_CONNECTED
ADDED from [android.arch.work:work-runtime:1.0.0-alpha04] AndroidManifest.xml:51:17-87
	android:name
		ADDED from [android.arch.work:work-runtime:1.0.0-alpha04] AndroidManifest.xml:51:25-84
action#android.intent.action.ACTION_POWER_DISCONNECTED
ADDED from [android.arch.work:work-runtime:1.0.0-alpha04] AndroidManifest.xml:52:17-90
	android:name
		ADDED from [android.arch.work:work-runtime:1.0.0-alpha04] AndroidManifest.xml:52:25-87
receiver#androidx.work.impl.background.systemalarm.ConstraintProxy$BatteryNotLowProxy
ADDED from [android.arch.work:work-runtime:1.0.0-alpha04] AndroidManifest.xml:55:9-62:20
	android:enabled
		ADDED from [android.arch.work:work-runtime:1.0.0-alpha04] AndroidManifest.xml:57:13-36
	android:name
		ADDED from [android.arch.work:work-runtime:1.0.0-alpha04] AndroidManifest.xml:56:13-104
intent-filter#android.intent.action.BATTERY_LOW+android.intent.action.BATTERY_OKAY
ADDED from [android.arch.work:work-runtime:1.0.0-alpha04] AndroidManifest.xml:58:13-61:29
action#android.intent.action.BATTERY_OKAY
ADDED from [android.arch.work:work-runtime:1.0.0-alpha04] AndroidManifest.xml:59:17-77
	android:name
		ADDED from [android.arch.work:work-runtime:1.0.0-alpha04] AndroidManifest.xml:59:25-74
action#android.intent.action.BATTERY_LOW
ADDED from [android.arch.work:work-runtime:1.0.0-alpha04] AndroidManifest.xml:60:17-76
	android:name
		ADDED from [android.arch.work:work-runtime:1.0.0-alpha04] AndroidManifest.xml:60:25-73
receiver#androidx.work.impl.background.systemalarm.ConstraintProxy$StorageNotLowProxy
ADDED from [android.arch.work:work-runtime:1.0.0-alpha04] AndroidManifest.xml:63:9-70:20
	android:enabled
		ADDED from [android.arch.work:work-runtime:1.0.0-alpha04] AndroidManifest.xml:65:13-36
	android:name
		ADDED from [android.arch.work:work-runtime:1.0.0-alpha04] AndroidManifest.xml:64:13-104
intent-filter#android.intent.action.DEVICE_STORAGE_LOW+android.intent.action.DEVICE_STORAGE_OK
ADDED from [android.arch.work:work-runtime:1.0.0-alpha04] AndroidManifest.xml:66:13-69:29
action#android.intent.action.DEVICE_STORAGE_LOW
ADDED from [android.arch.work:work-runtime:1.0.0-alpha04] AndroidManifest.xml:67:17-83
	android:name
		ADDED from [android.arch.work:work-runtime:1.0.0-alpha04] AndroidManifest.xml:67:25-80
action#android.intent.action.DEVICE_STORAGE_OK
ADDED from [android.arch.work:work-runtime:1.0.0-alpha04] AndroidManifest.xml:68:17-82
	android:name
		ADDED from [android.arch.work:work-runtime:1.0.0-alpha04] AndroidManifest.xml:68:25-79
receiver#androidx.work.impl.background.systemalarm.ConstraintProxy$NetworkStateProxy
ADDED from [android.arch.work:work-runtime:1.0.0-alpha04] AndroidManifest.xml:71:9-77:20
	android:enabled
		ADDED from [android.arch.work:work-runtime:1.0.0-alpha04] AndroidManifest.xml:73:13-36
	android:name
		ADDED from [android.arch.work:work-runtime:1.0.0-alpha04] AndroidManifest.xml:72:13-103
intent-filter#android.net.conn.CONNECTIVITY_CHANGE
ADDED from [android.arch.work:work-runtime:1.0.0-alpha04] AndroidManifest.xml:74:13-76:29
action#android.net.conn.CONNECTIVITY_CHANGE
ADDED from [android.arch.work:work-runtime:1.0.0-alpha04] AndroidManifest.xml:75:17-79
	android:name
		ADDED from [android.arch.work:work-runtime:1.0.0-alpha04] AndroidManifest.xml:75:25-76
receiver#androidx.work.impl.background.systemalarm.RescheduleReceiver
ADDED from [android.arch.work:work-runtime:1.0.0-alpha04] AndroidManifest.xml:78:9-86:20
	android:enabled
		ADDED from [android.arch.work:work-runtime:1.0.0-alpha04] AndroidManifest.xml:80:13-35
	android:name
		ADDED from [android.arch.work:work-runtime:1.0.0-alpha04] AndroidManifest.xml:79:13-88
intent-filter#android.intent.action.BOOT_COMPLETED+android.intent.action.TIMEZONE_CHANGED+android.intent.action.TIME_SET
ADDED from [android.arch.work:work-runtime:1.0.0-alpha04] AndroidManifest.xml:81:13-85:29
action#android.intent.action.BOOT_COMPLETED
ADDED from [android.arch.work:work-runtime:1.0.0-alpha04] AndroidManifest.xml:82:17-79
	android:name
		ADDED from [android.arch.work:work-runtime:1.0.0-alpha04] AndroidManifest.xml:82:25-76
action#android.intent.action.TIME_SET
ADDED from [android.arch.work:work-runtime:1.0.0-alpha04] AndroidManifest.xml:83:17-73
	android:name
		ADDED from [android.arch.work:work-runtime:1.0.0-alpha04] AndroidManifest.xml:83:25-70
action#android.intent.action.TIMEZONE_CHANGED
ADDED from [android.arch.work:work-runtime:1.0.0-alpha04] AndroidManifest.xml:84:17-81
	android:name
		ADDED from [android.arch.work:work-runtime:1.0.0-alpha04] AndroidManifest.xml:84:25-78
receiver#androidx.work.impl.background.systemalarm.ConstraintProxyUpdateReceiver
ADDED from [android.arch.work:work-runtime:1.0.0-alpha04] AndroidManifest.xml:87:9-94:20
	android:enabled
		ADDED from [android.arch.work:work-runtime:1.0.0-alpha04] AndroidManifest.xml:89:13-72
	android:exported
		ADDED from [android.arch.work:work-runtime:1.0.0-alpha04] AndroidManifest.xml:90:13-37
	android:name
		ADDED from [android.arch.work:work-runtime:1.0.0-alpha04] AndroidManifest.xml:88:13-99
intent-filter#androidx.work.impl.background.systemalarm.UpdateProxies
ADDED from [android.arch.work:work-runtime:1.0.0-alpha04] AndroidManifest.xml:91:13-93:29
action#androidx.work.impl.background.systemalarm.UpdateProxies
ADDED from [android.arch.work:work-runtime:1.0.0-alpha04] AndroidManifest.xml:92:17-98
	android:name
		ADDED from [android.arch.work:work-runtime:1.0.0-alpha04] AndroidManifest.xml:92:25-95
meta-data#android.support.VERSION
ADDED from [com.android.support:appcompat-v7:26.1.0] AndroidManifest.xml:26:9-28:38
MERGED from [com.android.support:animated-vector-drawable:26.1.0] AndroidManifest.xml:23:9-25:38
MERGED from [com.android.support:animated-vector-drawable:26.1.0] AndroidManifest.xml:23:9-25:38
MERGED from [com.android.support:support-vector-drawable:26.1.0] AndroidManifest.xml:23:9-25:38
MERGED from [com.android.support:support-vector-drawable:26.1.0] AndroidManifest.xml:23:9-25:38
MERGED from [com.android.support:support-v4:26.1.0] AndroidManifest.xml:26:9-28:38
MERGED from [com.android.support:support-v4:26.1.0] AndroidManifest.xml:26:9-28:38
MERGED from [com.android.support:support-fragment:26.1.0] AndroidManifest.xml:26:9-28:38
MERGED from [com.android.support:support-fragment:26.1.0] AndroidManifest.xml:26:9-28:38
MERGED from [com.android.support:support-core-utils:26.1.0] AndroidManifest.xml:26:9-28:38
MERGED from [com.android.support:support-core-utils:26.1.0] AndroidManifest.xml:26:9-28:38
MERGED from [com.android.support:support-media-compat:26.1.0] AndroidManifest.xml:26:9-28:38
MERGED from [com.android.support:support-media-compat:26.1.0] AndroidManifest.xml:26:9-28:38
MERGED from [com.android.support:support-core-ui:26.1.0] AndroidManifest.xml:26:9-28:38
MERGED from [com.android.support:support-core-ui:26.1.0] AndroidManifest.xml:26:9-28:38
MERGED from [com.android.support:support-compat:26.1.0] AndroidManifest.xml:26:9-28:38
MERGED from [com.android.support:support-compat:26.1.0] AndroidManifest.xml:26:9-28:38
	android:value
		ADDED from [com.android.support:appcompat-v7:26.1.0] AndroidManifest.xml:28:13-35
	android:name
		ADDED from [com.android.support:appcompat-v7:26.1.0] AndroidManifest.xml:27:13-51
provider#android.arch.lifecycle.ProcessLifecycleOwnerInitializer
ADDED from [android.arch.lifecycle:extensions:1.1.0] AndroidManifest.xml:23:9-27:43
	android:authorities
		ADDED from [android.arch.lifecycle:extensions:1.1.0] AndroidManifest.xml:25:13-68
	android:multiprocess
		ADDED from [android.arch.lifecycle:extensions:1.1.0] AndroidManifest.xml:27:13-40
	android:exported
		ADDED from [android.arch.lifecycle:extensions:1.1.0] AndroidManifest.xml:26:13-37
	android:name
		ADDED from [android.arch.lifecycle:extensions:1.1.0] AndroidManifest.xml:24:13-83